<?xml version="1.0" encoding="UTF-8"?>
<testng-results ignored="0" total="1" passed="1" failed="0" skipped="0">
  <reporter-output>
  </reporter-output>
  <suite started-at="2023-08-08T00:38:43 IST" name="Open Cart Test Regression PW Suite" finished-at="2023-08-08T00:38:51 IST" duration-ms="8482">
    <groups>
    </groups>
    <test started-at="2023-08-08T00:38:43 IST" name="Open Cart Home Page Test_chrome" finished-at="2023-08-08T00:38:51 IST" duration-ms="8482">
      <class name="TestClass.LoginTest">
        <test-method is-config="true" signature="setUp()[pri:0, instance:TestClass.LoginTest@483f6d77]" started-at="2023-08-08T00:38:43 IST" name="setUp" finished-at="2023-08-08T00:38:50 IST" duration-ms="7245" status="PASS">
          <reporter-output>
          </reporter-output>
        </test-method> <!-- setUp -->
        <test-method signature="LoginUserTest()[pri:0, instance:TestClass.LoginTest@483f6d77]" started-at="2023-08-08T00:38:50 IST" name="LoginUserTest" finished-at="2023-08-08T00:38:51 IST" duration-ms="1000" status="PASS">
          <reporter-output>
          </reporter-output>
        </test-method> <!-- LoginUserTest -->
        <test-method is-config="true" signature="tearDown()[pri:0, instance:TestClass.LoginTest@483f6d77]" started-at="2023-08-08T00:38:51 IST" name="tearDown" finished-at="2023-08-08T00:38:51 IST" duration-ms="208" status="PASS">
          <reporter-output>
          </reporter-output>
        </test-method> <!-- tearDown -->
      </class> <!-- TestClass.LoginTest -->
    </test> <!-- Open Cart Home Page Test_chrome -->
  </suite> <!-- Open Cart Test Regression PW Suite -->
</testng-results>
